# JRE version: OpenJDK Runtime Environment (8.0_152-b02) (build 1.8.0_152-release-1024-b02)
# Java VM: OpenJDK 64-Bit Server VM (25.152-b02 mixed mode windows-amd64 compressed oops)
Heap:
 PSYoungGen      total 106496K, used 43031K [0x00000000e0000000, 0x00000000ea800000, 0x0000000100000000)
  eden space 98304K, 43% used [0x00000000e0000000,0x00000000e2a05f78,0x00000000e6000000)
  from space 8192K, 0% used [0x00000000e6000000,0x00000000e6000000,0x00000000e6800000)
  to   space 12800K, 0% used [0x00000000e9b80000,0x00000000e9b80000,0x00000000ea800000)
 ParOldGen       total 83456K, used 17057K [0x00000000a0000000, 0x00000000a5180000, 0x00000000e0000000)
  object space 83456K, 20% used [0x00000000a0000000,0x00000000a10a8768,0x00000000a5180000)
 Metaspace       used 35875K, capacity 36590K, committed 36824K, reserved 1081344K
  class space    used 4879K, capacity 5099K, committed 5120K, reserved 1048576K
GC Heap History (10 events):
Event: 15.491 GC heap before
{Heap before GC invocations=3 (full 0):
 PSYoungGen      total 106496K, used 42393K [0x00000000e0000000, 0x00000000e7000000, 0x0000000100000000)
  eden space 98304K, 34% used [0x00000000e0000000,0x00000000e2168c48,0x00000000e6000000)
  from space 8192K, 99% used [0x00000000e6800000,0x00000000e6ffd7c8,0x00000000e7000000)
  to   space 8192K, 0% used [0x00000000e6000000,0x00000000e6000000,0x00000000e6800000)
 ParOldGen       total 131072K, used 985K [0x00000000a0000000, 0x00000000a8000000, 0x00000000e0000000)
  object space 131072K, 0% used [0x00000000a0000000,0x00000000a00f6580,0x00000000a8000000)
 Metaspace       used 20597K, capacity 21078K, committed 21248K, reserved 1067008K
  class space    used 2829K, capacity 2977K, committed 3072K, reserved 1048576K
Event: 15.503 GC heap after
Heap after GC invocations=3 (full 0):
 PSYoungGen      total 106496K, used 8168K [0x00000000e0000000, 0x00000000e7000000, 0x0000000100000000)
  eden space 98304K, 0% used [0x00000000e0000000,0x00000000e0000000,0x00000000e6000000)
  from space 8192K, 99% used [0x00000000e6000000,0x00000000e67fa180,0x00000000e6800000)
  to   space 8192K, 0% used [0x00000000e6800000,0x00000000e6800000,0x00000000e7000000)
 ParOldGen       total 131072K, used 2738K [0x00000000a0000000, 0x00000000a8000000, 0x00000000e0000000)
  object space 131072K, 2% used [0x00000000a0000000,0x00000000a02acb40,0x00000000a8000000)
 Metaspace       used 20597K, capacity 21078K, committed 21248K, reserved 1067008K
  class space    used 2829K, capacity 2977K, committed 3072K, reserved 1048576K
}
Event: 15.503 GC heap before
{Heap before GC invocations=4 (full 1):
 PSYoungGen      total 106496K, used 8168K [0x00000000e0000000, 0x00000000e7000000, 0x0000000100000000)
  eden space 98304K, 0% used [0x00000000e0000000,0x00000000e0000000,0x00000000e6000000)
  from space 8192K, 99% used [0x00000000e6000000,0x00000000e67fa180,0x00000000e6800000)
  to   space 8192K, 0% used [0x00000000e6800000,0x00000000e6800000,0x00000000e7000000)
 ParOldGen       total 131072K, used 2738K [0x00000000a0000000, 0x00000000a8000000, 0x00000000e0000000)
  object space 131072K, 2% used [0x00000000a0000000,0x00000000a02acb40,0x00000000a8000000)
 Metaspace       used 20597K, capacity 21078K, committed 21248K, reserved 1067008K
  class space    used 2829K, capacity 2977K, committed 3072K, reserved 1048576K
Event: 15.623 GC heap after
Heap after GC invocations=4 (full 1):
 PSYoungGen      total 106496K, used 0K [0x00000000e0000000, 0x00000000e7000000, 0x0000000100000000)
  eden space 98304K, 0% used [0x00000000e0000000,0x00000000e0000000,0x00000000e6000000)
  from space 8192K, 0% used [0x00000000e6000000,0x00000000e6000000,0x00000000e6800000)
  to   space 8192K, 0% used [0x00000000e6800000,0x00000000e6800000,0x00000000e7000000)
 ParOldGen       total 83456K, used 9649K [0x00000000a0000000, 0x00000000a5180000, 0x00000000e0000000)
  object space 83456K, 11% used [0x00000000a0000000,0x00000000a096c710,0x00000000a5180000)
 Metaspace       used 20597K, capacity 21078K, committed 21248K, reserved 1067008K
  class space    used 2829K, capacity 2977K, committed 3072K, reserved 1048576K
}
Event: 21.465 GC heap before
{Heap before GC invocations=5 (full 1):
 PSYoungGen      total 106496K, used 98304K [0x00000000e0000000, 0x00000000e7000000, 0x0000000100000000)
  eden space 98304K, 100% used [0x00000000e0000000,0x00000000e6000000,0x00000000e6000000)
  from space 8192K, 0% used [0x00000000e6000000,0x00000000e6000000,0x00000000e6800000)
  to   space 8192K, 0% used [0x00000000e6800000,0x00000000e6800000,0x00000000e7000000)
 ParOldGen       total 83456K, used 9649K [0x00000000a0000000, 0x00000000a5180000, 0x00000000e0000000)
  object space 83456K, 11% used [0x00000000a0000000,0x00000000a096c710,0x00000000a5180000)
 Metaspace       used 28177K, capacity 28682K, committed 28928K, reserved 1075200K
  class space    used 3906K, capacity 4054K, committed 4096K, reserved 1048576K
Event: 21.519 GC heap after
Heap after GC invocations=5 (full 1):
 PSYoungGen      total 106496K, used 8187K [0x00000000e0000000, 0x00000000ea500000, 0x0000000100000000)
  eden space 98304K, 0% used [0x00000000e0000000,0x00000000e0000000,0x00000000e6000000)
  from space 8192K, 99% used [0x00000000e6800000,0x00000000e6ffefa8,0x00000000e7000000)
  to   space 8192K, 0% used [0x00000000e6000000,0x00000000e6000000,0x00000000e6800000)
 ParOldGen       total 83456K, used 10926K [0x00000000a0000000, 0x00000000a5180000, 0x00000000e0000000)
  object space 83456K, 13% used [0x00000000a0000000,0x00000000a0aab920,0x00000000a5180000)
 Metaspace       used 28177K, capacity 28682K, committed 28928K, reserved 1075200K
  class space    used 3906K, capacity 4054K, committed 4096K, reserved 1048576K
}
Event: 35.605 GC heap before
{Heap before GC invocations=6 (full 1):
 PSYoungGen      total 106496K, used 65639K [0x00000000e0000000, 0x00000000ea500000, 0x0000000100000000)
  eden space 98304K, 58% used [0x00000000e0000000,0x00000000e381ad18,0x00000000e6000000)
  from space 8192K, 99% used [0x00000000e6800000,0x00000000e6ffefa8,0x00000000e7000000)
  to   space 8192K, 0% used [0x00000000e6000000,0x00000000e6000000,0x00000000e6800000)
 ParOldGen       total 83456K, used 10926K [0x00000000a0000000, 0x00000000a5180000, 0x00000000e0000000)
  object space 83456K, 13% used [0x00000000a0000000,0x00000000a0aab920,0x00000000a5180000)
 Metaspace       used 34644K, capacity 35270K, committed 35416K, reserved 1079296K
  class space    used 4726K, capacity 4937K, committed 4992K, reserved 1048576K
Event: 35.616 GC heap after
Heap after GC invocations=6 (full 1):
 PSYoungGen      total 106496K, used 8171K [0x00000000e0000000, 0x00000000ea800000, 0x0000000100000000)
  eden space 98304K, 0% used [0x00000000e0000000,0x00000000e0000000,0x00000000e6000000)
  from space 8192K, 99% used [0x00000000e6000000,0x00000000e67fafe8,0x00000000e6800000)
  to   space 12800K, 0% used [0x00000000e9b80000,0x00000000e9b80000,0x00000000ea800000)
 ParOldGen       total 83456K, used 13500K [0x00000000a0000000, 0x00000000a5180000, 0x00000000e0000000)
  object space 83456K, 16% used [0x00000000a0000000,0x00000000a0d2f0e0,0x00000000a5180000)
 Metaspace       used 34644K, capacity 35270K, committed 35416K, reserved 1079296K
  class space    used 4726K, capacity 4937K, committed 4992K, reserved 1048576K
}
Event: 35.616 GC heap before
{Heap before GC invocations=7 (full 2):
 PSYoungGen      total 106496K, used 8171K [0x00000000e0000000, 0x00000000ea800000, 0x0000000100000000)
  eden space 98304K, 0% used [0x00000000e0000000,0x00000000e0000000,0x00000000e6000000)
  from space 8192K, 99% used [0x00000000e6000000,0x00000000e67fafe8,0x00000000e6800000)
  to   space 12800K, 0% used [0x00000000e9b80000,0x00000000e9b80000,0x00000000ea800000)
 ParOldGen       total 83456K, used 13500K [0x00000000a0000000, 0x00000000a5180000, 0x00000000e0000000)
  object space 83456K, 16% used [0x00000000a0000000,0x00000000a0d2f0e0,0x00000000a5180000)
 Metaspace       used 34644K, capacity 35270K, committed 35416K, reserved 1079296K
  class space    used 4726K, capacity 4937K, committed 4992K, reserved 1048576K
Event: 35.746 GC heap after
Heap after GC invocations=7 (full 2):
 PSYoungGen      total 106496K, used 0K [0x00000000e0000000, 0x00000000ea800000, 0x0000000100000000)
  eden space 98304K, 0% used [0x00000000e0000000,0x00000000e0000000,0x00000000e6000000)
  from space 8192K, 0% used [0x00000000e6000000,0x00000000e6000000,0x00000000e6800000)
  to   space 12800K, 0% used [0x00000000e9b80000,0x00000000e9b80000,0x00000000ea800000)
 ParOldGen       total 83456K, used 17057K [0x00000000a0000000, 0x00000000a5180000, 0x00000000e0000000)
  object space 83456K, 20% used [0x00000000a0000000,0x00000000a10a8768,0x00000000a5180000)
 Metaspace       used 34644K, capacity 35270K, committed 35416K, reserved 1079296K
  class space    used 4726K, capacity 4937K, committed 4992K, reserved 1048576K
}

